Tabletop:
   0 :	 [2, 4, 12]
   1 :	 [3, 5, 13]
   2 :	 [0, 4, 6, 10, 11]
   3 :	 [1, 5, 7, 10, 11]
   4 :	 [0, 2, 8]
   5 :	 [1, 3, 9]
   6 :	 [2, 7]
   7 :	 [3, 6]
   8 :	 [4, 9, 11]
   9 :	 [5, 8, 11]
   10 :	 [2, 3, 11]
   11 :	 [2, 3, 8, 9, 10]
   12 :	 [0, 13]
   13 :	 [1, 12]
player-1" turn: 30
Pieces: player-1: 1 Soldiers on 0 [24, 0],
	player-2: 1 Soldiers on 1 [24, 0]
score: [0.0, 0.0]
action: move 0 4 16
player-1" turn: 29
Pieces: player-1: 1 Soldiers on 0 [8, 0],
	player-2: 1 Soldiers on 1 [16, 0],
	player-1: 1 Soldiers on 4 [16, 1],
	player-2: 1 Soldiers on 13 [8, 1]
score: [2.0, 2.0]
action: move 0 12 4
player-1" turn: 28
Pieces: player-1: 1 Soldiers on 0 [4, 0],
	player-2: 1 Soldiers on 1 [14, 0],
	player-2: 1 Soldiers on 3 [2, 1],
	player-1: 1 Soldiers on 4 [16, 1],
	player-1: 1 Soldiers on 12 [4, 1],
	player-2: 1 Soldiers on 13 [8, 1]
score: [5.0, 5.0]
action: grow 0
player-1" turn: 27
Pieces: player-1: 1 Soldiers on 0 [7, 1],
	player-2: 1 Soldiers on 1 [10, 0],
	player-2: 1 Soldiers on 3 [6, 1],
	player-1: 1 Soldiers on 4 [16, 1],
	player-1: 1 Soldiers on 12 [4, 1],
	player-2: 1 Soldiers on 13 [8, 1]
score: [8.0, 8.0]
action: sleep
player-1" turn: 26
Pieces: player-1: 1 Soldiers on 0 [7, 0],
	player-2: 1 Soldiers on 1 [13, 1],
	player-2: 1 Soldiers on 3 [6, 1],
	player-1: 1 Soldiers on 4 [16, 0],
	player-1: 1 Soldiers on 12 [4, 0],
	player-2: 1 Soldiers on 13 [8, 1]
score: [11.0, 11.0]
action: grow 12
player-1" turn: 25
Pieces: player-1: 1 Soldiers on 0 [7, 0],
	player-2: 1 Soldiers on 1 [13, 0],
	player-2: 1 Soldiers on 3 [6, 0],
	player-1: 1 Soldiers on 4 [16, 0],
	player-1: 1 Soldiers on 12 [6, 1],
	player-2: 1 Soldiers on 13 [8, 0]
score: [14.0, 14.0]
action: move 0 4 2
player-1" turn: 24
Pieces: player-1: 1 Soldiers on 0 [5, 0],
	player-2: 1 Soldiers on 1 [13, 0],
	player-2: 1 Soldiers on 3 [5, 0],
	player-1: 1 Soldiers on 4 [18, 1],
	player-2: 1 Soldiers on 11 [1, 1],
	player-1: 1 Soldiers on 12 [6, 1],
	player-2: 1 Soldiers on 13 [8, 0]
score: [17.0, 18.0]
action: move 0 4 1
player-1" turn: 23
Pieces: player-1: 1 Soldiers on 0 [4, 0],
	player-2: 1 Soldiers on 1 [10, 0],
	player-2: 1 Soldiers on 3 [8, 1],
	player-1: 1 Soldiers on 4 [19, 1],
	player-2: 1 Soldiers on 11 [1, 1],
	player-1: 1 Soldiers on 12 [6, 1],
	player-2: 1 Soldiers on 13 [8, 0]
score: [20.0, 22.0]
action: move 0 12 2
player-1" turn: 22
Pieces: player-1: 1 Soldiers on 0 [2, 0],
	player-2: 1 Soldiers on 1 [10, 0],
	player-2: 1 Soldiers on 3 [8, 1],
	player-1: 1 Soldiers on 4 [19, 1],
	player-2: 1 Soldiers on 11 [1, 1],
	player-1: 1 Soldiers on 12 [8, 1],
	player-2: 1 Soldiers on 13 [10, 1]
score: [23.0, 26.0]
action: move 0 12 0
player-1" turn: 21
Pieces: player-1: 1 Soldiers on 0 [2, 0],
	player-2: 1 Soldiers on 1 [13, 1],
	player-2: 1 Soldiers on 3 [8, 1],
	player-1: 1 Soldiers on 4 [19, 0],
	player-2: 1 Soldiers on 11 [1, 1],
	player-1: 1 Soldiers on 12 [8, 0],
	player-2: 1 Soldiers on 13 [10, 1]
score: [26.0, 30.0]
action: grow 0
player-1" turn: 20
Pieces: player-1: 1 Soldiers on 0 [5, 1],
	player-2: 1 Soldiers on 1 [13, 0],
	player-2: 1 Soldiers on 3 [8, 0],
	player-1: 1 Soldiers on 4 [19, 0],
	player-2: 1 Soldiers on 11 [1, 0],
	player-1: 1 Soldiers on 12 [8, 0],
	player-2: 1 Soldiers on 13 [10, 0]
score: [29.0, 34.0]
action: sleep
player-1" turn: 19
Pieces: player-1: 1 Soldiers on 0 [5, 0],
	player-2: 1 Soldiers on 1 [13, 0],
	player-2: 1 Soldiers on 3 [8, 0],
	player-1: 1 Soldiers on 4 [19, 0],
	player-2: 1 Soldiers on 11 [1, 0],
	player-1: 1 Soldiers on 12 [8, 0],
	player-2: 1 Soldiers on 13 [10, 0]
score: [32.0, 38.0]
action: grow 4
player-1" turn: 18
Pieces: player-1: 1 Soldiers on 0 [5, 0],
	player-2: 1 Soldiers on 1 [13, 0],
	player-2: 1 Soldiers on 3 [8, 0],
	player-1: 1 Soldiers on 4 [21, 1],
	player-2: 1 Soldiers on 11 [1, 0],
	player-1: 1 Soldiers on 12 [8, 0],
	player-2: 1 Soldiers on 13 [10, 0]
score: [35.0, 42.0]
action: move 0 12 0
player-1" turn: 17
Pieces: player-1: 1 Soldiers on 0 [5, 0],
	player-2: 1 Soldiers on 1 [13, 0],
	player-2: 1 Soldiers on 3 [11, 1],
	player-1: 1 Soldiers on 4 [21, 0],
	player-2: 1 Soldiers on 11 [1, 0],
	player-1: 1 Soldiers on 12 [8, 0],
	player-2: 1 Soldiers on 13 [10, 0]
score: [38.0, 46.0]
action: move 4 2 18
player-1" turn: 16
Pieces: player-1: 1 Soldiers on 0 [5, 0],
	player-2: 1 Soldiers on 1 [13, 0],
	player-1: 1 Soldiers on 2 [18, 1],
	player-2: 1 Soldiers on 3 [11, 0],
	player-1: 1 Soldiers on 4 [3, 0],
	player-2: 1 Soldiers on 11 [1, 0],
	player-1: 1 Soldiers on 12 [8, 0],
	player-2: 1 Soldiers on 13 [10, 0]
score: [42.0, 50.0]
action: move 0 12 2
player-1" turn: 15
Pieces: player-1: 1 Soldiers on 0 [3, 0],
	player-2: 1 Soldiers on 1 [13, 0],
	player-1: 1 Soldiers on 2 [18, 1],
	player-2: 1 Soldiers on 3 [11, 0],
	player-1: 1 Soldiers on 4 [3, 0],
	player-2: 1 Soldiers on 11 [3, 1],
	player-1: 1 Soldiers on 12 [10, 1],
	player-2: 1 Soldiers on 13 [10, 0]
score: [46.0, 54.0]
action: move 4 0 2
player-1" turn: 14
Pieces: player-1: 1 Soldiers on 0 [5, 1],
	player-2: 1 Soldiers on 1 [13, 0],
	player-1: 1 Soldiers on 2 [18, 1],
	player-2: 1 Soldiers on 3 [1, 0],
	player-1: 1 Soldiers on 4 [1, 0],
	player-2: 1 Soldiers on 11 [13, 1],
	player-1: 1 Soldiers on 12 [10, 1],
	player-2: 1 Soldiers on 13 [10, 0]
score: [50.0, 58.0]
action: move 4 8 0
player-1" turn: 13
Pieces: player-1: 1 Soldiers on 0 [5, 0],
	player-2: 1 Soldiers on 1 [1, 0],
	player-1: 1 Soldiers on 2 [18, 0],
	player-2: 1 Soldiers on 3 [13, 1],
	player-1: 1 Soldiers on 4 [1, 0],
	player-2: 1 Soldiers on 11 [13, 1],
	player-1: 1 Soldiers on 12 [10, 0],
	player-2: 1 Soldiers on 13 [10, 0]
score: [54.0, 62.0]
action: move 4 2 0
player-1" turn: 12
Pieces: player-1: 1 Soldiers on 0 [5, 0],
	player-2: 1 Soldiers on 1 [1, 0],
	player-1: 1 Soldiers on 2 [18, 0],
	player-2: 1 Soldiers on 3 [13, 0],
	player-1: 1 Soldiers on 4 [1, 0],
	player-2: 1 Soldiers on 11 [13, 0],
	player-1: 1 Soldiers on 12 [10, 0],
	player-2: 1 Soldiers on 13 [10, 0]
score: [58.0, 66.0]
action: move 2 4 13
player-1" turn: 11
Pieces: player-1: 1 Soldiers on 0 [5, 0],
	player-2: 1 Soldiers on 1 [1, 0],
	player-1: 1 Soldiers on 2 [5, 0],
	player-2: 1 Soldiers on 3 [13, 0],
	player-1: 1 Soldiers on 4 [14, 1],
	player-2: 1 Soldiers on 11 [13, 0],
	player-1: 1 Soldiers on 12 [10, 0],
	player-2: 1 Soldiers on 13 [12, 1]
score: [62.0, 70.0]
action: move 2 4 3
player-1" turn: 10
Pieces: player-1: 1 Soldiers on 0 [5, 0],
	player-2: 1 Soldiers on 1 [1, 0],
	player-1: 1 Soldiers on 2 [2, 0],
	player-2: 1 Soldiers on 3 [13, 0],
	player-1: 1 Soldiers on 4 [17, 1],
	player-2: 1 Soldiers on 11 [13, 0],
	player-1: 1 Soldiers on 12 [10, 0],
	player-2: 1 Soldiers on 13 [12, 0]
score: [66.0, 74.0]
action: move 12 13 3
player-1" turn: 9
Pieces: player-1: 1 Soldiers on 0 [5, 0],
	player-2: 1 Soldiers on 1 [1, 0],
	player-1: 1 Soldiers on 2 [2, 0],
	player-2: 1 Soldiers on 3 [16, 1],
	player-1: 1 Soldiers on 4 [17, 1],
	player-2: 1 Soldiers on 11 [13, 0],
	player-1: 1 Soldiers on 12 [7, 0],
	player-2: 1 Soldiers on 13 [10, 0]
score: [72.0, 78.0]
action: move 12 13 4
player-1" turn: 8
Pieces: player-1: 1 Soldiers on 0 [5, 0],
	player-2: 1 Soldiers on 1 [1, 0],
	player-1: 1 Soldiers on 2 [2, 0],
	player-2: 1 Soldiers on 3 [27, 1],
	player-1: 1 Soldiers on 4 [17, 1],
	player-2: 1 Soldiers on 11 [2, 0],
	player-1: 1 Soldiers on 12 [3, 0],
	player-2: 1 Soldiers on 13 [7, 0]
score: [79.0, 82.0]
action: sleep
player-1" turn: 7
Pieces: player-1: 1 Soldiers on 0 [5, 0],
	player-2: 1 Soldiers on 1 [1, 0],
	player-1: 1 Soldiers on 2 [2, 0],
	player-2: 1 Soldiers on 3 [27, 0],
	player-1: 1 Soldiers on 4 [17, 0],
	player-2: 1 Soldiers on 11 [2, 0],
	player-1: 1 Soldiers on 12 [3, 0],
	player-2: 1 Soldiers on 13 [7, 0]
score: [83.0, 86.0]
action: move 2 4 0
player-1" turn: 6
Pieces: player-1: 1 Soldiers on 0 [5, 0],
	player-2: 1 Soldiers on 1 [1, 0],
	player-1: 1 Soldiers on 2 [2, 0],
	player-2: 1 Soldiers on 3 [27, 0],
	player-1: 1 Soldiers on 4 [17, 0],
	player-2: 1 Soldiers on 11 [2, 0],
	player-1: 1 Soldiers on 12 [3, 0],
	player-2: 1 Soldiers on 13 [7, 0]
score: [87.0, 90.0]
action: sleep
player-1" turn: 5
Pieces: player-1: 1 Soldiers on 0 [5, 0],
	player-2: 1 Soldiers on 1 [1, 0],
	player-1: 1 Soldiers on 2 [2, 0],
	player-2: 1 Soldiers on 3 [27, 0],
	player-1: 1 Soldiers on 4 [17, 0],
	player-2: 1 Soldiers on 8 [1, 1],
	player-2: 1 Soldiers on 11 [1, 0],
	player-1: 1 Soldiers on 12 [3, 0],
	player-2: 1 Soldiers on 13 [7, 0]
score: [91.0, 95.0]
action: move 2 0 0
player-1" turn: 4
Pieces: player-1: 1 Soldiers on 0 [5, 0],
	player-2: 1 Soldiers on 1 [1, 0],
	player-1: 1 Soldiers on 2 [2, 0],
	player-2: 1 Soldiers on 3 [27, 0],
	player-1: 1 Soldiers on 4 [17, 0],
	player-2: 1 Soldiers on 8 [1, 0],
	player-2: 1 Soldiers on 11 [1, 0],
	player-1: 1 Soldiers on 12 [3, 0],
	player-2: 1 Soldiers on 13 [7, 0]
score: [95.0, 100.0]
action: move 4 2 11
player-1" turn: 3
Pieces: player-1: 1 Soldiers on 0 [5, 0],
	player-2: 1 Soldiers on 1 [1, 0],
	player-1: 1 Soldiers on 2 [13, 1],
	player-2: 1 Soldiers on 3 [20, 0],
	player-1: 1 Soldiers on 4 [6, 0],
	player-2: 1 Soldiers on 7 [7, 1],
	player-2: 1 Soldiers on 8 [1, 0],
	player-2: 1 Soldiers on 11 [1, 0],
	player-1: 1 Soldiers on 12 [3, 0],
	player-2: 1 Soldiers on 13 [7, 0]
score: [99.0, 106.0]
action: move 0 2 3
player-1" turn: 2
Pieces: player-1: 1 Soldiers on 0 [2, 0],
	player-2: 1 Soldiers on 1 [1, 0],
	player-1: 1 Soldiers on 2 [16, 1],
	player-2: 1 Soldiers on 3 [20, 0],
	player-1: 1 Soldiers on 4 [6, 0],
	player-2: 1 Soldiers on 7 [7, 1],
	player-2: 1 Soldiers on 8 [3, 1],
	player-2: 1 Soldiers on 11 [1, 0],
	player-1: 1 Soldiers on 12 [3, 0],
	player-2: 1 Soldiers on 13 [7, 0]
score: [103.0, 112.0]
action: grow 0
player-1" turn: 1
Pieces: player-1: 1 Soldiers on 0 [6, 1],
	player-2: 1 Soldiers on 1 [1, 0],
	player-1: 1 Soldiers on 2 [16, 1],
	player-2: 1 Soldiers on 3 [20, 0],
	player-1: 1 Soldiers on 4 [6, 0],
	player-2: 1 Soldiers on 7 [7, 0],
	player-2: 1 Soldiers on 8 [3, 0],
	player-2: 1 Soldiers on 11 [1, 0],
	player-1: 1 Soldiers on 12 [3, 0],
	player-2: 1 Soldiers on 13 [7, 0]
score: [107.0, 118.0]
action: move 4 0 2
player-1" turn: 0
Pieces: player-1: 1 Soldiers on 0 [8, 1],
	player-2: 1 Soldiers on 1 [1, 0],
	player-1: 1 Soldiers on 2 [16, 1],
	player-2: 1 Soldiers on 3 [20, 0],
	player-1: 1 Soldiers on 4 [4, 0],
	player-2: 1 Soldiers on 7 [7, 0],
	player-2: 1 Soldiers on 8 [3, 0],
	player-2: 1 Soldiers on 11 [1, 0],
	player-1: 1 Soldiers on 12 [3, 0],
	player-2: 1 Soldiers on 13 [7, 0]
score: [111.0, 124.0]
Final:  -1
